#
# There is insufficient memory for the Java Runtime Environment to continue.
# Native memory allocation (malloc) failed to allocate 32744 bytes for ChunkPool::allocate
# Possible reasons:
#   The system is out of physical RAM or swap space
#   The process is running with CompressedOops enabled, and the Java Heap may be blocking the growth of the native heap
# Possible solutions:
#   Reduce memory load on the system
#   Increase physical memory or swap space
#   Check if swap backing store is full
#   Decrease Java heap size (-Xmx/-Xms)
#   Decrease number of Java threads
#   Decrease Java thread stack sizes (-Xss)
#   Set larger code cache with -XX:ReservedCodeCacheSize=
#   JVM is running with Zero Based Compressed Oops mode in which the Java heap is
#     placed in the first 32GB address space. The Java Heap base address is the
#     maximum limit for the native heap growth. Please use -XX:HeapBaseMinAddress
#     to set the Java Heap base and to place the Java Heap above 32GB virtual address.
# This output file may be truncated or incomplete.
#
#  Out of Memory Error (t:/workspace/open/src/hotspot/share/memory/arena.cpp:80), pid=1420, tid=14520
#
# JRE version: Java(TM) SE Runtime Environment (13.0.2+8) (build 13.0.2+8)
# Java VM: Java HotSpot(TM) 64-Bit Server VM (13.0.2+8, mixed mode, sharing, tiered, compressed oops, g1 gc, windows-amd64)
# No core dump will be written. Minidumps are not enabled by default on client versions of Windows
#

---------------  S U M M A R Y ------------

Command Line: -agentlib:jdwp=transport=dt_socket,suspend=y,address=localhost:56137 -Djava.util.logging.config.file=./resources/jdk-logger.properties -javaagent:C:\Users\mad\eclipse\java-2020-06\eclipse\configuration\org.eclipse.osgi\222\0\.cp\lib\javaagent-shaded.jar -Dfile.encoding=Cp1252 v5test.V5Test

Host: Intel(R) Core(TM) i5-9400 CPU @ 2.90GHz, 6 cores, 15G,  Windows 10 , 64 bit Build 18362 (10.0.18362.1082)
Time: Tue Oct 13 14:15:37 2020 W. Europe Daylight Time elapsed time: 3 seconds (0d 0h 0m 3s)

---------------  T H R E A D  ---------------

Current thread (0x0000025f213bc000):  JavaThread "C1 CompilerThread0" daemon [_thread_in_native, id=14520, stack(0x0000006494d00000,0x0000006494e00000)]


Current CompileTask:
C1:   3654 1953   !   2      
[error occurred during error reporting (printing current compile task), id 0xe0000001, Out of Memory Error (t:/workspace/open/src/hotspot/share/memory/arena.cpp:80)]

Stack: [0x0000006494d00000,0x0000006494e00000]
Native frames: (J=compiled Java code, j=interpreted, Vv=VM code, C=native code)
V  [jvm.dll+0x624f9a]
V  [jvm.dll+0x770cfa]
V  [jvm.dll+0x7724af]
V  [jvm.dll+0x772ab3]
V  [jvm.dll+0x24bf08]
V  [jvm.dll+0xc2076]
V  [jvm.dll+0xc23cc]
V  [jvm.dll+0x6ef21f]
V  [jvm.dll+0x6ef309]
V  [jvm.dll+0x508ba2]
V  [jvm.dll+0x5deae9]
V  [jvm.dll+0x2180ef]
V  [jvm.dll+0x218667]
V  [jvm.dll+0x770b90]
V  [jvm.dll+0x7724af]
V  [jvm.dll+0x772ab3]
V  [jvm.dll+0x24bf08]
V  [jvm.dll+0xc2076]
V  [jvm.dll+0xc23cc]
V  [jvm.dll+0x123f72]
V  [jvm.dll+0x132ce7]
V  [jvm.dll+0x13303f]
V  [jvm.dll+0x1361d8]
V  [jvm.dll+0x1348c4]
V  [jvm.dll+0x12e3f8]
V  [jvm.dll+0x13e4b7]
V  [jvm.dll+0x1295d9]
V  [jvm.dll+0x129950]
V  [jvm.dll+0x129c0f]
V  [jvm.dll+0x128ea7]
V  [jvm.dll+0x12adc7]
V  [jvm.dll+0x213e6d]
V  [jvm.dll+0x2120bb]
V  [jvm.dll+0x736bb6]
V  [jvm.dll+0x72fcaa]
V  [jvm.dll+0x623ea6]
C  [ucrtbase.dll+0x20e82]
C  [KERNEL32.DLL+0x17bd4]
C  [ntdll.dll+0x6ce51]


---------------  P R O C E S S  ---------------

Threads class SMR info:
_java_thread_list=0x0000025f21b807b0, length=14, elements={
0x0000025f7d256800, 0x0000025f7f54c800, 0x0000025f7f550000, 0x0000025f213ba000,
0x0000025f7f56e000, 0x0000025f213bb000, 0x0000025f213bc000, 0x0000025f213c1800,
0x0000025f213b0800, 0x0000025f215bf800, 0x0000025f215c5000, 0x0000025f215cf800,
0x0000025f2156a000, 0x0000025f215f9000
}

Java Threads: ( => current thread )
  0x0000025f7d256800 JavaThread "main" [_thread_in_vm, id=12768, stack(0x0000006494100000,0x0000006494200000)]
  0x0000025f7f54c800 JavaThread "Reference Handler" daemon [_thread_blocked, id=16216, stack(0x0000006494800000,0x0000006494900000)]
  0x0000025f7f550000 JavaThread "Finalizer" daemon [_thread_blocked, id=13040, stack(0x0000006494900000,0x0000006494a00000)]
  0x0000025f213ba000 JavaThread "Signal Dispatcher" daemon [_thread_blocked, id=7372, stack(0x0000006494a00000,0x0000006494b00000)]
  0x0000025f7f56e000 JavaThread "Attach Listener" daemon [_thread_blocked, id=6068, stack(0x0000006494b00000,0x0000006494c00000)]
  0x0000025f213bb000 JavaThread "C2 CompilerThread0" daemon [_thread_in_native, id=14328, stack(0x0000006494c00000,0x0000006494d00000)]
=>0x0000025f213bc000 JavaThread "C1 CompilerThread0" daemon [_thread_in_native, id=14520, stack(0x0000006494d00000,0x0000006494e00000)]
  0x0000025f213c1800 JavaThread "Sweeper thread" daemon [_thread_blocked, id=12760, stack(0x0000006494e00000,0x0000006494f00000)]
  0x0000025f213b0800 JavaThread "Common-Cleaner" daemon [_thread_blocked, id=16036, stack(0x0000006494f00000,0x0000006495000000)]
  0x0000025f215bf800 JavaThread "JDWP Transport Listener: dt_socket" daemon [_thread_blocked, id=14192, stack(0x0000006495000000,0x0000006495100000)]
  0x0000025f215c5000 JavaThread "JDWP Event Helper Thread" daemon [_thread_blocked, id=9632, stack(0x0000006495100000,0x0000006495200000)]
  0x0000025f215cf800 JavaThread "JDWP Command Reader" daemon [_thread_in_native, id=11172, stack(0x0000006495200000,0x0000006495300000)]
  0x0000025f2156a000 JavaThread "C2 CompilerThread1" daemon [_thread_in_native, id=5928, stack(0x0000006495300000,0x0000006495400000)]
  0x0000025f215f9000 JavaThread "Service Thread" daemon [_thread_blocked, id=10228, stack(0x0000006495400000,0x0000006495500000)]

Other Threads:
  0x0000025f7f549800 VMThread "VM Thread" [stack: 0x0000006494700000,0x0000006494800000] [id=15600]
  0x0000025f21bf6800 WatcherThread [stack: 0x0000006495500000,0x0000006495600000] [id=14564]
  0x0000025f7d2bf000 GCTaskThread "GC Thread#0" [stack: 0x0000006494200000,0x0000006494300000] [id=13152]
  0x0000025f21ee5800 GCTaskThread "GC Thread#1" [stack: 0x0000006495600000,0x0000006495700000] [id=5064]
  0x0000025f21fca800 GCTaskThread "GC Thread#2" [stack: 0x0000006495700000,0x0000006495800000] [id=5584]
  0x0000025f21ebd000 GCTaskThread "GC Thread#3" [stack: 0x0000006495800000,0x0000006495900000] [id=16288]
  0x0000025f21f8b000 GCTaskThread "GC Thread#4" [stack: 0x0000006495900000,0x0000006495a00000] [id=6464]
  0x0000025f21d43000 GCTaskThread "GC Thread#5" [stack: 0x0000006495a00000,0x0000006495b00000] [id=14700]
  0x0000025f7d2e1000 ConcurrentGCThread "G1 Main Marker" [stack: 0x0000006494300000,0x0000006494400000] [id=15092]
  0x0000025f7d2e2800 ConcurrentGCThread "G1 Conc#0" [stack: 0x0000006494400000,0x0000006494500000] [id=9012]
  0x0000025f24b60000 ConcurrentGCThread "G1 Conc#1" [stack: 0x0000006495b00000,0x0000006495c00000] [id=4832]
  0x0000025f7f443000 ConcurrentGCThread "G1 Refine#0" [stack: 0x0000006494500000,0x0000006494600000] [id=5492]
  0x0000025f7f445000 ConcurrentGCThread "G1 Young RemSet Sampling" [stack: 0x0000006494600000,0x0000006494700000] [id=15828]

Threads with active compile tasks:
C2 CompilerThread0     3687 1450   !   4       jdk.internal.loader.BuiltinClassLoader::loadClassOrNull (143 bytes)
C1 CompilerThread0     3687 1953   !   2       java.util.logging.LogManager::ensureLogManagerInitialized (144 bytes)
C2 CompilerThread1     3687 1444       4       java.lang.ClassLoader::loadClass (7 bytes)

VM state:not at safepoint (normal execution)

VM Mutex/Monitor currently owned by a thread: None

Heap address: 0x0000000702000000, size: 4064 MB, Compressed Oops mode: Zero based, Oop shift amount: 3
Narrow klass base: 0x0000000800000000, Narrow klass shift: 3
Compressed class space size: 1073741824 Address: 0x0000000800b40000

Heap:
 garbage-first heap   total 160768K, used 69508K [0x0000000702000000, 0x0000000800000000)
  region size 1024K, 57 young (58368K), 3 survivors (3072K)
 Metaspace       used 69189K, capacity 69540K, committed 69708K, reserved 1112064K
  class space    used 6521K, capacity 6631K, committed 6732K, reserved 1048576K
Heap Regions: E=young(eden), S=young(survivor), O=old, HS=humongous(starts), HC=humongous(continues), CS=collection set, F=free, A=archive, TAMS=top-at-mark-start (previous, next)
|   0|0x0000000702000000, 0x0000000702100000, 0x0000000702100000|100%|HS|  |TAMS 0x0000000702100000, 0x0000000702000000| Complete 
|   1|0x0000000702100000, 0x0000000702200000, 0x0000000702200000|100%|HC|  |TAMS 0x0000000702200000, 0x0000000702100000| Complete 
|   2|0x0000000702200000, 0x0000000702300000, 0x0000000702300000|100%|HC|  |TAMS 0x0000000702300000, 0x0000000702200000| Complete 
|   3|0x0000000702300000, 0x0000000702400000, 0x0000000702400000|100%|HC|  |TAMS 0x0000000702400000, 0x0000000702300000| Complete 
|   4|0x0000000702400000, 0x0000000702500000, 0x0000000702500000|100%|HC|  |TAMS 0x0000000702500000, 0x0000000702400000| Complete 
|   5|0x0000000702500000, 0x000000070256e200, 0x0000000702600000| 43%| O|  |TAMS 0x000000070256e200, 0x0000000702500000| Untracked 
|   6|0x0000000702600000, 0x0000000702700000, 0x0000000702700000|100%| O|  |TAMS 0x0000000702700000, 0x0000000702600000| Untracked 
|   7|0x0000000702700000, 0x0000000702800000, 0x0000000702800000|100%| O|  |TAMS 0x0000000702800000, 0x0000000702700000| Untracked 
|   8|0x0000000702800000, 0x0000000702900000, 0x0000000702900000|100%| O|  |TAMS 0x0000000702900000, 0x0000000702800000| Untracked 
|   9|0x0000000702900000, 0x0000000702a00000, 0x0000000702a00000|100%| O|  |TAMS 0x0000000702a00000, 0x0000000702900000| Untracked 
|  10|0x0000000702a00000, 0x0000000702a4ce00, 0x0000000702b00000| 30%| O|  |TAMS 0x0000000702a4ce00, 0x0000000702a00000| Untracked 
|  11|0x0000000702b00000, 0x0000000702ba0e00, 0x0000000702c00000| 62%| O|  |TAMS 0x0000000702ba0e00, 0x0000000702b00000| Untracked 
|  12|0x0000000702c00000, 0x0000000702d00000, 0x0000000702d00000|100%| O|  |TAMS 0x0000000702c00000, 0x0000000702c00000| Untracked 
|  13|0x0000000702d00000, 0x0000000702d85200, 0x0000000702e00000| 52%| O|  |TAMS 0x0000000702d00000, 0x0000000702d00000| Untracked 
|  14|0x0000000702e00000, 0x0000000702e00000, 0x0000000702f00000|  0%| F|  |TAMS 0x0000000702e00000, 0x0000000702e00000| Untracked 
|  15|0x0000000702f00000, 0x0000000702f00000, 0x0000000703000000|  0%| F|  |TAMS 0x0000000702f00000, 0x0000000702f00000| Untracked 
|  16|0x0000000703000000, 0x0000000703000000, 0x0000000703100000|  0%| F|  |TAMS 0x0000000703000000, 0x0000000703000000| Untracked 
|  17|0x0000000703100000, 0x0000000703100000, 0x0000000703200000|  0%| F|  |TAMS 0x0000000703100000, 0x0000000703100000| Untracked 
|  18|0x0000000703200000, 0x0000000703200000, 0x0000000703300000|  0%| F|  |TAMS 0x0000000703200000, 0x0000000703200000| Untracked 
|  19|0x0000000703300000, 0x0000000703300000, 0x0000000703400000|  0%| F|  |TAMS 0x0000000703300000, 0x0000000703300000| Untracked 
|  20|0x0000000703400000, 0x0000000703400000, 0x0000000703500000|  0%| F|  |TAMS 0x0000000703400000, 0x0000000703400000| Untracked 
|  21|0x0000000703500000, 0x0000000703600000, 0x0000000703600000|100%| S|CS|TAMS 0x0000000703500000, 0x0000000703500000| Complete 
|  22|0x0000000703600000, 0x0000000703700000, 0x0000000703700000|100%| S|CS|TAMS 0x0000000703600000, 0x0000000703600000| Complete 
|  23|0x0000000703700000, 0x0000000703800000, 0x0000000703800000|100%| S|CS|TAMS 0x0000000703700000, 0x0000000703700000| Complete 
|  24|0x0000000703800000, 0x0000000703800000, 0x0000000703900000|  0%| F|  |TAMS 0x0000000703800000, 0x0000000703800000| Untracked 
|  25|0x0000000703900000, 0x0000000703900000, 0x0000000703a00000|  0%| F|  |TAMS 0x0000000703900000, 0x0000000703900000| Untracked 
|  26|0x0000000703a00000, 0x0000000703a00000, 0x0000000703b00000|  0%| F|  |TAMS 0x0000000703a00000, 0x0000000703a00000| Untracked 
|  27|0x0000000703b00000, 0x0000000703b00000, 0x0000000703c00000|  0%| F|  |TAMS 0x0000000703b00000, 0x0000000703b00000| Untracked 
|  28|0x0000000703c00000, 0x0000000703c00000, 0x0000000703d00000|  0%| F|  |TAMS 0x0000000703c00000, 0x0000000703c00000| Untracked 
|  29|0x0000000703d00000, 0x0000000703d00000, 0x0000000703e00000|  0%| F|  |TAMS 0x0000000703d00000, 0x0000000703d00000| Untracked 
|  30|0x0000000703e00000, 0x0000000703e00000, 0x0000000703f00000|  0%| F|  |TAMS 0x0000000703e00000, 0x0000000703e00000| Untracked 
|  31|0x0000000703f00000, 0x0000000703f00000, 0x0000000704000000|  0%| F|  |TAMS 0x0000000703f00000, 0x0000000703f00000| Untracked 
|  32|0x0000000704000000, 0x0000000704000000, 0x0000000704100000|  0%| F|  |TAMS 0x0000000704000000, 0x0000000704000000| Untracked 
|  33|0x0000000704100000, 0x0000000704100000, 0x0000000704200000|  0%| F|  |TAMS 0x0000000704100000, 0x0000000704100000| Untracked 
|  34|0x0000000704200000, 0x0000000704200000, 0x0000000704300000|  0%| F|  |TAMS 0x0000000704200000, 0x0000000704200000| Untracked 
|  35|0x0000000704300000, 0x0000000704300000, 0x0000000704400000|  0%| F|  |TAMS 0x0000000704300000, 0x0000000704300000| Untracked 
|  36|0x0000000704400000, 0x0000000704400000, 0x0000000704500000|  0%| F|  |TAMS 0x0000000704400000, 0x0000000704400000| Untracked 
|  37|0x0000000704500000, 0x0000000704500000, 0x0000000704600000|  0%| F|  |TAMS 0x0000000704500000, 0x0000000704500000| Untracked 
|  38|0x0000000704600000, 0x0000000704600000, 0x0000000704700000|  0%| F|  |TAMS 0x0000000704600000, 0x0000000704600000| Untracked 
|  39|0x0000000704700000, 0x0000000704700000, 0x0000000704800000|  0%| F|  |TAMS 0x0000000704700000, 0x0000000704700000| Untracked 
|  40|0x0000000704800000, 0x0000000704800000, 0x0000000704900000|  0%| F|  |TAMS 0x0000000704800000, 0x0000000704800000| Untracked 
|  41|0x0000000704900000, 0x0000000704900000, 0x0000000704a00000|  0%| F|  |TAMS 0x0000000704900000, 0x0000000704900000| Untracked 
|  42|0x0000000704a00000, 0x0000000704a00000, 0x0000000704b00000|  0%| F|  |TAMS 0x0000000704a00000, 0x0000000704a00000| Untracked 
|  43|0x0000000704b00000, 0x0000000704b00000, 0x0000000704c00000|  0%| F|  |TAMS 0x0000000704b00000, 0x0000000704b00000| Untracked 
|  44|0x0000000704c00000, 0x0000000704c00000, 0x0000000704d00000|  0%| F|  |TAMS 0x0000000704c00000, 0x0000000704c00000| Untracked 
|  45|0x0000000704d00000, 0x0000000704d00000, 0x0000000704e00000|  0%| F|  |TAMS 0x0000000704d00000, 0x0000000704d00000| Untracked 
|  46|0x0000000704e00000, 0x0000000704e00000, 0x0000000704f00000|  0%| F|  |TAMS 0x0000000704e00000, 0x0000000704e00000| Untracked 
|  47|0x0000000704f00000, 0x0000000704f00000, 0x0000000705000000|  0%| F|  |TAMS 0x0000000704f00000, 0x0000000704f00000| Untracked 
|  48|0x0000000705000000, 0x0000000705000000, 0x0000000705100000|  0%| F|  |TAMS 0x0000000705000000, 0x0000000705000000| Untracked 
|  49|0x0000000705100000, 0x0000000705100000, 0x0000000705200000|  0%| F|  |TAMS 0x0000000705100000, 0x0000000705100000| Untracked 
|  50|0x0000000705200000, 0x0000000705200000, 0x0000000705300000|  0%| F|  |TAMS 0x0000000705200000, 0x0000000705200000| Untracked 
|  51|0x0000000705300000, 0x0000000705300000, 0x0000000705400000|  0%| F|  |TAMS 0x0000000705300000, 0x0000000705300000| Untracked 
|  52|0x0000000705400000, 0x0000000705400000, 0x0000000705500000|  0%| F|  |TAMS 0x0000000705400000, 0x0000000705400000| Untracked 
|  53|0x0000000705500000, 0x0000000705500000, 0x0000000705600000|  0%| F|  |TAMS 0x0000000705500000, 0x0000000705500000| Untracked 
|  54|0x0000000705600000, 0x0000000705600000, 0x0000000705700000|  0%| F|  |TAMS 0x0000000705600000, 0x0000000705600000| Untracked 
|  55|0x0000000705700000, 0x0000000705700000, 0x0000000705800000|  0%| F|  |TAMS 0x0000000705700000, 0x0000000705700000| Untracked 
|  56|0x0000000705800000, 0x0000000705800000, 0x0000000705900000|  0%| F|  |TAMS 0x0000000705800000, 0x0000000705800000| Untracked 
|  57|0x0000000705900000, 0x0000000705900000, 0x0000000705a00000|  0%| F|  |TAMS 0x0000000705900000, 0x0000000705900000| Untracked 
|  58|0x0000000705a00000, 0x0000000705a00000, 0x0000000705b00000|  0%| F|  |TAMS 0x0000000705a00000, 0x0000000705a00000| Untracked 
|  59|0x0000000705b00000, 0x0000000705b00000, 0x0000000705c00000|  0%| F|  |TAMS 0x0000000705b00000, 0x0000000705b00000| Untracked 
|  60|0x0000000705c00000, 0x0000000705c00000, 0x0000000705d00000|  0%| F|  |TAMS 0x0000000705c00000, 0x0000000705c00000| Untracked 
|  61|0x0000000705d00000, 0x0000000705d00000, 0x0000000705e00000|  0%| F|  |TAMS 0x0000000705d00000, 0x0000000705d00000| Untracked 
|  62|0x0000000705e00000, 0x0000000705e00000, 0x0000000705f00000|  0%| F|  |TAMS 0x0000000705e00000, 0x0000000705e00000| Untracked 
|  63|0x0000000705f00000, 0x0000000705f00000, 0x0000000706000000|  0%| F|  |TAMS 0x0000000705f00000, 0x0000000705f00000| Untracked 
|  64|0x0000000706000000, 0x0000000706000000, 0x0000000706100000|  0%| F|  |TAMS 0x0000000706000000, 0x0000000706000000| Untracked 
|  65|0x0000000706100000, 0x0000000706100000, 0x0000000706200000|  0%| F|  |TAMS 0x0000000706100000, 0x0000000706100000| Untracked 
|  66|0x0000000706200000, 0x0000000706200000, 0x0000000706300000|  0%| F|  |TAMS 0x0000000706200000, 0x0000000706200000| Untracked 
|  67|0x0000000706300000, 0x0000000706300000, 0x0000000706400000|  0%| F|  |TAMS 0x0000000706300000, 0x0000000706300000| Untracked 
|  68|0x0000000706400000, 0x0000000706400000, 0x0000000706500000|  0%| F|  |TAMS 0x0000000706400000, 0x0000000706400000| Untracked 
|  69|0x0000000706500000, 0x0000000706500000, 0x0000000706600000|  0%| F|  |TAMS 0x0000000706500000, 0x0000000706500000| Untracked 
|  70|0x0000000706600000, 0x0000000706600000, 0x0000000706700000|  0%| F|  |TAMS 0x0000000706600000, 0x0000000706600000| Untracked 
|  71|0x0000000706700000, 0x0000000706700000, 0x0000000706800000|  0%| F|  |TAMS 0x0000000706700000, 0x0000000706700000| Untracked 
|  72|0x0000000706800000, 0x0000000706800000, 0x0000000706900000|  0%| F|  |TAMS 0x0000000706800000, 0x0000000706800000| Untracked 
|  73|0x0000000706900000, 0x0000000706900000, 0x0000000706a00000|  0%| F|  |TAMS 0x0000000706900000, 0x0000000706900000| Untracked 
|  74|0x0000000706a00000, 0x0000000706a00000, 0x0000000706b00000|  0%| F|  |TAMS 0x0000000706a00000, 0x0000000706a00000| Untracked 
|  75|0x0000000706b00000, 0x0000000706b00000, 0x0000000706c00000|  0%| F|  |TAMS 0x0000000706b00000, 0x0000000706b00000| Untracked 
|  76|0x0000000706c00000, 0x0000000706c00000, 0x0000000706d00000|  0%| F|  |TAMS 0x0000000706c00000, 0x0000000706c00000| Untracked 
|  77|0x0000000706d00000, 0x0000000706d00000, 0x0000000706e00000|  0%| F|  |TAMS 0x0000000706d00000, 0x0000000706d00000| Untracked 
|  78|0x0000000706e00000, 0x0000000706e00000, 0x0000000706f00000|  0%| F|  |TAMS 0x0000000706e00000, 0x0000000706e00000| Untracked 
|  79|0x0000000706f00000, 0x0000000706f00000, 0x0000000707000000|  0%| F|  |TAMS 0x0000000706f00000, 0x0000000706f00000| Untracked 
|  80|0x0000000707000000, 0x0000000707000000, 0x0000000707100000|  0%| F|  |TAMS 0x0000000707000000, 0x0000000707000000| Untracked 
|  81|0x0000000707100000, 0x0000000707100000, 0x0000000707200000|  0%| F|  |TAMS 0x0000000707100000, 0x0000000707100000| Untracked 
|  82|0x0000000707200000, 0x0000000707200000, 0x0000000707300000|  0%| F|  |TAMS 0x0000000707200000, 0x0000000707200000| Untracked 
|  83|0x0000000707300000, 0x0000000707300000, 0x0000000707400000|  0%| F|  |TAMS 0x0000000707300000, 0x0000000707300000| Untracked 
|  84|0x0000000707400000, 0x0000000707400000, 0x0000000707500000|  0%| F|  |TAMS 0x0000000707400000, 0x0000000707400000| Untracked 
|  85|0x0000000707500000, 0x0000000707500000, 0x0000000707600000|  0%| F|  |TAMS 0x0000000707500000, 0x0000000707500000| Untracked 
|  86|0x0000000707600000, 0x0000000707600000, 0x0000000707700000|  0%| F|  |TAMS 0x0000000707600000, 0x0000000707600000| Untracked 
|  87|0x0000000707700000, 0x0000000707700000, 0x0000000707800000|  0%| F|  |TAMS 0x0000000707700000, 0x0000000707700000| Untracked 
|  88|0x0000000707800000, 0x0000000707800000, 0x0000000707900000|  0%| F|  |TAMS 0x0000000707800000, 0x0000000707800000| Untracked 
|  89|0x0000000707900000, 0x0000000707900000, 0x0000000707a00000|  0%| F|  |TAMS 0x0000000707900000, 0x0000000707900000| Untracked 
|  90|0x0000000707a00000, 0x0000000707a00000, 0x0000000707b00000|  0%| F|  |TAMS 0x0000000707a00000, 0x0000000707a00000| Untracked 
|  91|0x0000000707b00000, 0x0000000707b00000, 0x0000000707c00000|  0%| F|  |TAMS 0x0000000707b00000, 0x0000000707b00000| Untracked 
|  92|0x0000000707c00000, 0x0000000707c00000, 0x0000000707d00000|  0%| F|  |TAMS 0x0000000707c00000, 0x0000000707c00000| Untracked 
|  93|0x0000000707d00000, 0x0000000707d00000, 0x0000000707e00000|  0%| F|  |TAMS 0x0000000707d00000, 0x0000000707d00000| Untracked 
|  94|0x0000000707e00000, 0x0000000707e00000, 0x0000000707f00000|  0%| F|  |TAMS 0x0000000707e00000, 0x0000000707e00000| Untracked 
|  95|0x0000000707f00000, 0x0000000707f00000, 0x0000000708000000|  0%| F|  |TAMS 0x0000000707f00000, 0x0000000707f00000| Untracked 
|  96|0x0000000708000000, 0x0000000708000000, 0x0000000708100000|  0%| F|  |TAMS 0x0000000708000000, 0x0000000708000000| Untracked 
|  97|0x0000000708100000, 0x0000000708100000, 0x0000000708200000|  0%| F|  |TAMS 0x0000000708100000, 0x0000000708100000| Untracked 
|  98|0x0000000708200000, 0x0000000708200000, 0x0000000708300000|  0%| F|  |TAMS 0x0000000708200000, 0x0000000708200000| Untracked 
|  99|0x0000000708300000, 0x0000000708300000, 0x0000000708400000|  0%| F|  |TAMS 0x0000000708300000, 0x0000000708300000| Untracked 
| 100|0x0000000708400000, 0x0000000708400000, 0x0000000708500000|  0%| F|  |TAMS 0x0000000708400000, 0x0000000708400000| Untracked 
| 101|0x0000000708500000, 0x0000000708500000, 0x0000000708600000|  0%| F|  |TAMS 0x0000000708500000, 0x0000000708500000| Untracked 
| 102|0x0000000708600000, 0x0000000708600000, 0x0000000708700000|  0%| F|  |TAMS 0x0000000708600000, 0x0000000708600000| Untracked 
| 103|0x0000000708700000, 0x0000000708780800, 0x0000000708800000| 50%| E|  |TAMS 0x0000000708700000, 0x0000000708700000| Complete 
| 104|0x0000000708800000, 0x0000000708900000, 0x0000000708900000|100%| E|CS|TAMS 0x0000000708800000, 0x0000000708800000| Complete 
| 105|0x0000000708900000, 0x0000000708a00000, 0x0000000708a00000|100%| E|CS|TAMS 0x0000000708900000, 0x0000000708900000| Complete 
| 106|0x0000000708a00000, 0x0000000708b00000, 0x0000000708b00000|100%| E|CS|TAMS 0x0000000708a00000, 0x0000000708a00000| Complete 
| 107|0x0000000708b00000, 0x0000000708c00000, 0x0000000708c00000|100%| E|CS|TAMS 0x0000000708b00000, 0x0000000708b00000| Complete 
| 108|0x0000000708c00000, 0x0000000708d00000, 0x0000000708d00000|100%| E|CS|TAMS 0x0000000708c00000, 0x0000000708c00000| Complete 
| 109|0x0000000708d00000, 0x0000000708e00000, 0x0000000708e00000|100%| E|CS|TAMS 0x0000000708d00000, 0x0000000708d00000| Complete 
| 110|0x0000000708e00000, 0x0000000708f00000, 0x0000000708f00000|100%| E|CS|TAMS 0x0000000708e00000, 0x0000000708e00000| Complete 
| 111|0x0000000708f00000, 0x0000000709000000, 0x0000000709000000|100%| E|CS|TAMS 0x0000000708f00000, 0x0000000708f00000| Complete 
| 112|0x0000000709000000, 0x0000000709100000, 0x0000000709100000|100%| E|CS|TAMS 0x0000000709000000, 0x0000000709000000| Complete 
| 113|0x0000000709100000, 0x0000000709200000, 0x0000000709200000|100%| E|CS|TAMS 0x0000000709100000, 0x0000000709100000| Complete 
| 114|0x0000000709200000, 0x0000000709300000, 0x0000000709300000|100%| E|CS|TAMS 0x0000000709200000, 0x0000000709200000| Complete 
| 115|0x0000000709300000, 0x0000000709400000, 0x0000000709400000|100%| E|CS|TAMS 0x0000000709300000, 0x0000000709300000| Complete 
| 116|0x0000000709400000, 0x0000000709500000, 0x0000000709500000|100%| E|CS|TAMS 0x0000000709400000, 0x0000000709400000| Complete 
| 117|0x0000000709500000, 0x0000000709600000, 0x0000000709600000|100%| E|CS|TAMS 0x0000000709500000, 0x0000000709500000| Complete 
| 118|0x0000000709600000, 0x0000000709700000, 0x0000000709700000|100%| E|CS|TAMS 0x0000000709600000, 0x0000000709600000| Complete 
| 119|0x0000000709700000, 0x0000000709800000, 0x0000000709800000|100%| E|CS|TAMS 0x0000000709700000, 0x0000000709700000| Complete 
| 120|0x0000000709800000, 0x0000000709900000, 0x0000000709900000|100%| E|CS|TAMS 0x0000000709800000, 0x0000000709800000| Complete 
| 121|0x0000000709900000, 0x0000000709a00000, 0x0000000709a00000|100%| E|CS|TAMS 0x0000000709900000, 0x0000000709900000| Complete 
| 122|0x0000000709a00000, 0x0000000709b00000, 0x0000000709b00000|100%| E|CS|TAMS 0x0000000709a00000, 0x0000000709a00000| Complete 
| 123|0x0000000709b00000, 0x0000000709c00000, 0x0000000709c00000|100%| E|CS|TAMS 0x0000000709b00000, 0x0000000709b00000| Complete 
| 124|0x0000000709c00000, 0x0000000709d00000, 0x0000000709d00000|100%| E|CS|TAMS 0x0000000709c00000, 0x0000000709c00000| Complete 
| 125|0x0000000709d00000, 0x0000000709e00000, 0x0000000709e00000|100%| E|CS|TAMS 0x0000000709d00000, 0x0000000709d00000| Complete 
| 126|0x0000000709e00000, 0x0000000709f00000, 0x0000000709f00000|100%| E|CS|TAMS 0x0000000709e00000, 0x0000000709e00000| Complete 
| 127|0x0000000709f00000, 0x000000070a000000, 0x000000070a000000|100%| E|CS|TAMS 0x0000000709f00000, 0x0000000709f00000| Complete 
| 128|0x000000070a000000, 0x000000070a100000, 0x000000070a100000|100%| E|CS|TAMS 0x000000070a000000, 0x000000070a000000| Complete 
| 129|0x000000070a100000, 0x000000070a200000, 0x000000070a200000|100%| E|CS|TAMS 0x000000070a100000, 0x000000070a100000| Complete 
| 130|0x000000070a200000, 0x000000070a300000, 0x000000070a300000|100%| E|CS|TAMS 0x000000070a200000, 0x000000070a200000| Complete 
| 131|0x000000070a300000, 0x000000070a400000, 0x000000070a400000|100%| E|CS|TAMS 0x000000070a300000, 0x000000070a300000| Complete 
| 132|0x000000070a400000, 0x000000070a500000, 0x000000070a500000|100%| E|CS|TAMS 0x000000070a400000, 0x000000070a400000| Complete 
| 133|0x000000070a500000, 0x000000070a600000, 0x000000070a600000|100%| E|CS|TAMS 0x000000070a500000, 0x000000070a500000| Complete 
| 134|0x000000070a600000, 0x000000070a700000, 0x000000070a700000|100%| E|CS|TAMS 0x000000070a600000, 0x000000070a600000| Complete 
| 135|0x000000070a700000, 0x000000070a800000, 0x000000070a800000|100%| E|CS|TAMS 0x000000070a700000, 0x000000070a700000| Complete 
| 136|0x000000070a800000, 0x000000070a900000, 0x000000070a900000|100%| E|CS|TAMS 0x000000070a800000, 0x000000070a800000| Complete 
| 137|0x000000070a900000, 0x000000070aa00000, 0x000000070aa00000|100%| E|CS|TAMS 0x000000070a900000, 0x000000070a900000| Complete 
| 138|0x000000070aa00000, 0x000000070ab00000, 0x000000070ab00000|100%| E|CS|TAMS 0x000000070aa00000, 0x000000070aa00000| Complete 
| 139|0x000000070ab00000, 0x000000070ac00000, 0x000000070ac00000|100%| E|CS|TAMS 0x000000070ab00000, 0x000000070ab00000| Complete 
| 140|0x000000070ac00000, 0x000000070ad00000, 0x000000070ad00000|100%| E|CS|TAMS 0x000000070ac00000, 0x000000070ac00000| Complete 
| 141|0x000000070ad00000, 0x000000070ae00000, 0x000000070ae00000|100%| E|CS|TAMS 0x000000070ad00000, 0x000000070ad00000| Complete 
| 142|0x000000070ae00000, 0x000000070af00000, 0x000000070af00000|100%| E|CS|TAMS 0x000000070ae00000, 0x000000070ae00000| Complete 
| 143|0x000000070af00000, 0x000000070b000000, 0x000000070b000000|100%| E|CS|TAMS 0x000000070af00000, 0x000000070af00000| Complete 
| 144|0x000000070b000000, 0x000000070b100000, 0x000000070b100000|100%| E|CS|TAMS 0x000000070b000000, 0x000000070b000000| Complete 
| 145|0x000000070b100000, 0x000000070b200000, 0x000000070b200000|100%| E|CS|TAMS 0x000000070b100000, 0x000000070b100000| Complete 
| 146|0x000000070b200000, 0x000000070b300000, 0x000000070b300000|100%| E|CS|TAMS 0x000000070b200000, 0x000000070b200000| Complete 
| 147|0x000000070b300000, 0x000000070b400000, 0x000000070b400000|100%| E|CS|TAMS 0x000000070b300000, 0x000000070b300000| Complete 
| 148|0x000000070b400000, 0x000000070b500000, 0x000000070b500000|100%| E|CS|TAMS 0x000000070b400000, 0x000000070b400000| Complete 
| 149|0x000000070b500000, 0x000000070b600000, 0x000000070b600000|100%| E|CS|TAMS 0x000000070b500000, 0x000000070b500000| Complete 
| 150|0x000000070b600000, 0x000000070b700000, 0x000000070b700000|100%| E|CS|TAMS 0x000000070b600000, 0x000000070b600000| Complete 
| 151|0x000000070b700000, 0x000000070b800000, 0x000000070b800000|100%| E|CS|TAMS 0x000000070b700000, 0x000000070b700000| Complete 
| 152|0x000000070b800000, 0x000000070b900000, 0x000000070b900000|100%| E|CS|TAMS 0x000000070b800000, 0x000000070b800000| Complete 
| 153|0x000000070b900000, 0x000000070ba00000, 0x000000070ba00000|100%| E|CS|TAMS 0x000000070b900000, 0x000000070b900000| Complete 
| 154|0x000000070ba00000, 0x000000070bb00000, 0x000000070bb00000|100%| E|CS|TAMS 0x000000070ba00000, 0x000000070ba00000| Complete 
| 155|0x000000070bb00000, 0x000000070bc00000, 0x000000070bc00000|100%| E|CS|TAMS 0x000000070bb00000, 0x000000070bb00000| Complete 
| 253|0x0000000711d00000, 0x0000000711e00000, 0x0000000711e00000|100%| E|CS|TAMS 0x0000000711d00000, 0x0000000711d00000| Complete 

Card table byte_map: [0x0000025f7dc20000,0x0000025f7e410000] _byte_map_base: 0x0000025f7a410000

Marking Bits (Prev, Next): (CMBitMap*) 0x0000025f7d2bff68, (CMBitMap*) 0x0000025f7d2bff28
 Prev Bits: [0x0000025f1b3b0000, 0x0000025f1f330000)
 Next Bits: [0x0000025f17430000, 0x0000025f1b3b0000)

Polling page: 0x0000025f7b1c0000

Metaspace:

Usage:
  Non-class:     61.43 MB capacity,    61.20 MB (>99%) used,   170.25 KB ( <1%) free+waste,    70.63 KB ( <1%) overhead. 
      Class:      6.48 MB capacity,     6.37 MB ( 98%) used,    90.09 KB (  1%) free+waste,    19.69 KB ( <1%) overhead. 
       Both:     67.91 MB capacity,    67.57 MB (>99%) used,   260.34 KB ( <1%) free+waste,    90.31 KB ( <1%) overhead. 

Virtual space:
  Non-class space:       62.00 MB reserved,      61.50 MB (>99%) committed 
      Class space:        1.00 GB reserved,       6.57 MB ( <1%) committed 
             Both:        1.06 GB reserved,      68.07 MB (  6%) committed 

Chunk freelists:
   Non-Class:  3.00 KB
       Class:  25.00 KB
        Both:  28.00 KB

MaxMetaspaceSize: 17179869184.00 GB
CompressedClassSpaceSize: 1.00 GB

CodeHeap 'non-profiled nmethods': size=120000Kb used=1747Kb max_used=1747Kb free=118252Kb
 bounds [0x0000025f0ff00000, 0x0000025f10170000, 0x0000025f17430000]
CodeHeap 'profiled nmethods': size=120000Kb used=4399Kb max_used=4399Kb free=115600Kb
 bounds [0x0000025f089d0000, 0x0000025f08e20000, 0x0000025f0ff00000]
CodeHeap 'non-nmethods': size=5760Kb used=1302Kb max_used=1368Kb free=4457Kb
 bounds [0x0000025f08430000, 0x0000025f086a0000, 0x0000025f089d0000]
 total_blobs=3111 nmethods=1900 adapters=395
 compilation: enabled
              stopped_count=0, restarted_count=0
 full_count=0

Compilation events (20 events):
Event: 3.627 Thread 0x0000025f213bc000 nmethod 1938 0x0000025f08e17c10 code [0x0000025f08e17dc0, 0x0000025f08e17fd0]
Event: 3.627 Thread 0x0000025f213bc000 1939       2       java.lang.invoke.MethodType::basicType (8 bytes)
Event: 3.628 Thread 0x0000025f213bc000 nmethod 1939 0x0000025f08e18090 code [0x0000025f08e18220, 0x0000025f08e183b8]
Event: 3.628 Thread 0x0000025f213bc000 1941       2       jdk.internal.org.objectweb.asm.MethodWriter::visitInsn (115 bytes)
Event: 3.628 Thread 0x0000025f213bc000 nmethod 1941 0x0000025f08e18490 code [0x0000025f08e18660, 0x0000025f08e18950]
Event: 3.628 Thread 0x0000025f213bc000 1944       2       java.lang.invoke.MemberName$Factory::resolveOrFail (53 bytes)
Event: 3.628 Thread 0x0000025f213bc000 nmethod 1944 0x0000025f08e18b10 code [0x0000025f08e18d00, 0x0000025f08e19160]
Event: 3.631 Thread 0x0000025f213bc000 1947       1       java.lang.reflect.Field::getName (5 bytes)
Event: 3.631 Thread 0x0000025f213bc000 nmethod 1947 0x0000025f100b4a90 code [0x0000025f100b4c20, 0x0000025f100b4d58]
Event: 3.636 Thread 0x0000025f213bc000 1948       2       java.lang.invoke.MethodHandles$Lookup::checkAccess (228 bytes)
Event: 3.637 Thread 0x0000025f213bc000 nmethod 1948 0x0000025f08e19490 code [0x0000025f08e19720, 0x0000025f08e19f40]
Event: 3.637 Thread 0x0000025f213bc000 1949       2       java.lang.reflect.Modifier::isFinal (13 bytes)
Event: 3.637 Thread 0x0000025f213bc000 nmethod 1949 0x0000025f08e1a410 code [0x0000025f08e1a5a0, 0x0000025f08e1a6f8]
Event: 3.645 Thread 0x0000025f213bc000 1950       2       jdk.internal.jimage.BasicImageReader::getAttributes (49 bytes)
Event: 3.646 Thread 0x0000025f213bc000 nmethod 1950 0x0000025f08e1a790 code [0x0000025f08e1a9a0, 0x0000025f08e1af10]
Event: 3.646 Thread 0x0000025f213bc000 1951       2       jdk.internal.jimage.ImageLocation::verify (50 bytes)
Event: 3.646 Thread 0x0000025f213bc000 nmethod 1951 0x0000025f08e1b190 code [0x0000025f08e1b3a0, 0x0000025f08e1b7f0]
Event: 3.650 Thread 0x0000025f213bc000 1952       2       java.util.Collections$UnmodifiableCollection$1::next (10 bytes)
Event: 3.650 Thread 0x0000025f213bc000 nmethod 1952 0x0000025f08e1bb10 code [0x0000025f08e1bcc0, 0x0000025f08e1be70]
Event: 3.653 Thread 0x0000025f213bc000 1953   !   2       java.util.logging.LogManager::ensureLogManagerInitialized (144 bytes)

GC Heap History (20 events):
Event: 1.665 GC heap before
{Heap before GC invocations=9 (full 0):
 garbage-first heap   total 45056K, used 33977K [0x0000000702000000, 0x0000000800000000)
  region size 1024K, 25 young (25600K), 2 survivors (2048K)
 Metaspace       used 30758K, capacity 32028K, committed 32256K, reserved 1079296K
  class space    used 2830K, capacity 2954K, committed 3072K, reserved 1048576K
}
Event: 1.668 GC heap after
{Heap after GC invocations=10 (full 0):
 garbage-first heap   total 45056K, used 11661K [0x0000000702000000, 0x0000000800000000)
  region size 1024K, 2 young (2048K), 2 survivors (2048K)
 Metaspace       used 30758K, capacity 32028K, committed 32256K, reserved 1079296K
  class space    used 2830K, capacity 2954K, committed 3072K, reserved 1048576K
}
Event: 1.739 GC heap before
{Heap before GC invocations=10 (full 0):
 garbage-first heap   total 45056K, used 34189K [0x0000000702000000, 0x0000000800000000)
  region size 1024K, 25 young (25600K), 2 survivors (2048K)
 Metaspace       used 32869K, capacity 34140K, committed 34432K, reserved 1081344K
  class space    used 2998K, capacity 3146K, committed 3200K, reserved 1048576K
}
Event: 1.742 GC heap after
{Heap after GC invocations=11 (full 0):
 garbage-first heap   total 152576K, used 11785K [0x0000000702000000, 0x0000000800000000)
  region size 1024K, 2 young (2048K), 2 survivors (2048K)
 Metaspace       used 32869K, capacity 34140K, committed 34432K, reserved 1081344K
  class space    used 2998K, capacity 3146K, committed 3200K, reserved 1048576K
}
Event: 1.821 GC heap before
{Heap before GC invocations=11 (full 0):
 garbage-first heap   total 152576K, used 31241K [0x0000000702000000, 0x0000000800000000)
  region size 1024K, 22 young (22528K), 2 survivors (2048K)
 Metaspace       used 34514K, capacity 35740K, committed 35840K, reserved 1081344K
  class space    used 3151K, capacity 3274K, committed 3328K, reserved 1048576K
}
Event: 1.823 GC heap after
{Heap after GC invocations=12 (full 0):
 garbage-first heap   total 152576K, used 11886K [0x0000000702000000, 0x0000000800000000)
  region size 1024K, 2 young (2048K), 2 survivors (2048K)
 Metaspace       used 34514K, capacity 35740K, committed 35840K, reserved 1081344K
  class space    used 3151K, capacity 3274K, committed 3328K, reserved 1048576K
}
Event: 1.994 GC heap before
{Heap before GC invocations=13 (full 0):
 garbage-first heap   total 48128K, used 46702K [0x0000000702000000, 0x0000000800000000)
  region size 1024K, 36 young (36864K), 2 survivors (2048K)
 Metaspace       used 37043K, capacity 38268K, committed 38400K, reserved 1083392K
  class space    used 3425K, capacity 3562K, committed 3584K, reserved 1048576K
}
Event: 1.998 GC heap after
{Heap after GC invocations=14 (full 0):
 garbage-first heap   total 51200K, used 12548K [0x0000000702000000, 0x0000000800000000)
  region size 1024K, 3 young (3072K), 3 survivors (3072K)
 Metaspace       used 37043K, capacity 38268K, committed 38400K, reserved 1083392K
  class space    used 3425K, capacity 3562K, committed 3584K, reserved 1048576K
}
Event: 2.104 GC heap before
{Heap before GC invocations=14 (full 0):
 garbage-first heap   total 51200K, used 37124K [0x0000000702000000, 0x0000000800000000)
  region size 1024K, 28 young (28672K), 3 survivors (3072K)
 Metaspace       used 39049K, capacity 40252K, committed 40448K, reserved 1085440K
  class space    used 3623K, capacity 3754K, committed 3840K, reserved 1048576K
}
Event: 2.107 GC heap after
{Heap after GC invocations=15 (full 0):
 garbage-first heap   total 51200K, used 12822K [0x0000000702000000, 0x0000000800000000)
  region size 1024K, 3 young (3072K), 3 survivors (3072K)
 Metaspace       used 39049K, capacity 40252K, committed 40448K, reserved 1085440K
  class space    used 3623K, capacity 3754K, committed 3840K, reserved 1048576K
}
Event: 2.194 GC heap before
{Heap before GC invocations=15 (full 0):
 garbage-first heap   total 51200K, used 37398K [0x0000000702000000, 0x0000000800000000)
  region size 1024K, 28 young (28672K), 3 survivors (3072K)
 Metaspace       used 41242K, capacity 42492K, committed 42624K, reserved 1087488K
  class space    used 3807K, capacity 3946K, committed 3968K, reserved 1048576K
}
Event: 2.198 GC heap after
{Heap after GC invocations=16 (full 0):
 garbage-first heap   total 155648K, used 13301K [0x0000000702000000, 0x0000000800000000)
  region size 1024K, 3 young (3072K), 3 survivors (3072K)
 Metaspace       used 41242K, capacity 42492K, committed 42624K, reserved 1087488K
  class space    used 3807K, capacity 3946K, committed 3968K, reserved 1048576K
}
Event: 2.472 GC heap before
{Heap before GC invocations=16 (full 0):
 garbage-first heap   total 155648K, used 88053K [0x0000000702000000, 0x0000000800000000)
  region size 1024K, 76 young (77824K), 3 survivors (3072K)
 Metaspace       used 47848K, capacity 49052K, committed 49408K, reserved 1093632K
  class space    used 4337K, capacity 4490K, committed 4608K, reserved 1048576K
}
Event: 2.475 GC heap after
{Heap after GC invocations=17 (full 0):
 garbage-first heap   total 155648K, used 13334K [0x0000000702000000, 0x0000000800000000)
  region size 1024K, 3 young (3072K), 3 survivors (3072K)
 Metaspace       used 47848K, capacity 49052K, committed 49408K, reserved 1093632K
  class space    used 4337K, capacity 4490K, committed 4608K, reserved 1048576K
}
Event: 2.791 GC heap before
{Heap before GC invocations=17 (full 0):
 garbage-first heap   total 155648K, used 93206K [0x0000000702000000, 0x0000000800000000)
  region size 1024K, 81 young (82944K), 3 survivors (3072K)
 Metaspace       used 53923K, capacity 55164K, committed 55296K, reserved 1099776K
  class space    used 4952K, capacity 5098K, committed 5120K, reserved 1048576K
}
Event: 2.794 GC heap after
{Heap after GC invocations=18 (full 0):
 garbage-first heap   total 155648K, used 14590K [0x0000000702000000, 0x0000000800000000)
  region size 1024K, 4 young (4096K), 4 survivors (4096K)
 Metaspace       used 53923K, capacity 55164K, committed 55296K, reserved 1099776K
  class space    used 4952K, capacity 5098K, committed 5120K, reserved 1048576K
}
Event: 2.967 GC heap before
{Heap before GC invocations=18 (full 0):
 garbage-first heap   total 155648K, used 69886K [0x0000000702000000, 0x0000000800000000)
  region size 1024K, 59 young (60416K), 4 survivors (4096K)
 Metaspace       used 58926K, capacity 60092K, committed 60160K, reserved 1103872K
  class space    used 5356K, capacity 5482K, committed 5504K, reserved 1048576K
}
Event: 2.971 GC heap after
{Heap after GC invocations=19 (full 0):
 garbage-first heap   total 155648K, used 14927K [0x0000000702000000, 0x0000000800000000)
  region size 1024K, 5 young (5120K), 5 survivors (5120K)
 Metaspace       used 58926K, capacity 60092K, committed 60160K, reserved 1103872K
  class space    used 5356K, capacity 5482K, committed 5504K, reserved 1048576K
}
Event: 3.094 GC heap before
{Heap before GC invocations=20 (full 0):
 garbage-first heap   total 61440K, used 46671K [0x0000000702000000, 0x0000000800000000)
  region size 1024K, 36 young (36864K), 5 survivors (5120K)
 Metaspace       used 61873K, capacity 63036K, committed 63180K, reserved 1105920K
  class space    used 5601K, capacity 5738K, committed 5836K, reserved 1048576K
}
Event: 3.099 GC heap after
{Heap after GC invocations=21 (full 0):
 garbage-first heap   total 160768K, used 15236K [0x0000000702000000, 0x0000000800000000)
  region size 1024K, 3 young (3072K), 3 survivors (3072K)
 Metaspace       used 61873K, capacity 63036K, committed 63180K, reserved 1105920K
  class space    used 5601K, capacity 5738K, committed 5836K, reserved 1048576K
}

Deoptimization events (20 events):
Event: 3.640 Thread 0x0000025f7d256800 DEOPT PACKING pc=0x0000025f08d3ffb6 sp=0x00000064941fb720
Event: 3.640 Thread 0x0000025f7d256800 DEOPT UNPACKING pc=0x0000025f0847964e sp=0x00000064941fac20 mode 0
Event: 3.642 Thread 0x0000025f7d256800 DEOPT PACKING pc=0x0000025f08d3ffb6 sp=0x00000064941f7a30
Event: 3.642 Thread 0x0000025f7d256800 DEOPT UNPACKING pc=0x0000025f0847964e sp=0x00000064941f6f30 mode 0
Event: 3.643 Thread 0x0000025f7d256800 DEOPT PACKING pc=0x0000025f08d3ffb6 sp=0x00000064941f6a00
Event: 3.643 Thread 0x0000025f7d256800 DEOPT UNPACKING pc=0x0000025f0847964e sp=0x00000064941f5f00 mode 0
Event: 3.645 Thread 0x0000025f7d256800 DEOPT PACKING pc=0x0000025f08d3ffb6 sp=0x00000064941f6a00
Event: 3.645 Thread 0x0000025f7d256800 DEOPT UNPACKING pc=0x0000025f0847964e sp=0x00000064941f5f00 mode 0
Event: 3.645 Thread 0x0000025f7d256800 DEOPT PACKING pc=0x0000025f08b6bfdc sp=0x00000064941fd4a0
Event: 3.645 Thread 0x0000025f7d256800 DEOPT UNPACKING pc=0x0000025f0847964e sp=0x00000064941fc938 mode 1
Event: 3.645 Thread 0x0000025f7d256800 DEOPT PACKING pc=0x0000025f08b6b404 sp=0x00000064941fd570
Event: 3.645 Thread 0x0000025f7d256800 DEOPT UNPACKING pc=0x0000025f0847964e sp=0x00000064941fca28 mode 1
Event: 3.645 Thread 0x0000025f7d256800 DEOPT PACKING pc=0x0000025f08c3881c sp=0x00000064941fe010
Event: 3.645 Thread 0x0000025f7d256800 DEOPT UNPACKING pc=0x0000025f0847964e sp=0x00000064941fd500 mode 1
Event: 3.647 Thread 0x0000025f7d256800 DEOPT PACKING pc=0x0000025f08d3ffb6 sp=0x00000064941f7280
Event: 3.647 Thread 0x0000025f7d256800 DEOPT UNPACKING pc=0x0000025f0847964e sp=0x00000064941f6780 mode 0
Event: 3.649 Thread 0x0000025f7d256800 DEOPT PACKING pc=0x0000025f08d3ffb6 sp=0x00000064941fb7c0
Event: 3.649 Thread 0x0000025f7d256800 DEOPT UNPACKING pc=0x0000025f0847964e sp=0x00000064941facc0 mode 0
Event: 3.651 Thread 0x0000025f7d256800 DEOPT PACKING pc=0x0000025f08d3ffb6 sp=0x00000064941faa50
Event: 3.651 Thread 0x0000025f7d256800 DEOPT UNPACKING pc=0x0000025f0847964e sp=0x00000064941f9f50 mode 0

Classes unloaded (0 events):
No events

Classes redefined (0 events):
No events

Internal exceptions (15 events):
Event: 0.244 Thread 0x0000025f7d256800 Exception <a 'java/io/FileNotFoundException'{0x00000007119b9b68}> (0x00000007119b9b68) 
thrown [t:/workspace/open/src/hotspot/share/prims/jni.cpp, line 598]
Event: 3.181 Thread 0x0000025f7d256800 Exception <a 'java/lang/NoSuchMethodError'{0x000000070b250da8}: 'int java.lang.invoke.DirectMethodHandle$Holder.invokeSpecialIFC(java.lang.Object, java.lang.Object, int)'> (0x000000070b250da8) 
thrown [t:/workspace/open/src/hotspot/share/interpreter/linkResolver.cpp, line 767]
Event: 3.197 Thread 0x0000025f7d256800 Exception <a 'java/lang/NoSuchMethodError'{0x000000070b140898}: 'java.lang.Object java.lang.invoke.DirectMethodHandle$Holder.invokeStaticInit(java.lang.Object, java.lang.Object, java.lang.Object)'> (0x000000070b140898) 
thrown [t:/workspace/open/src/hotspot/share/interpreter/linkResolver.cpp, line 767]
Event: 3.208 Thread 0x0000025f7d256800 Exception <a 'java/lang/UnsatisfiedLinkError'{0x000000070b0238a0}: 'int io.grpc.netty.shaded.io.netty.channel.epoll.Native.offsetofEpollData()'> (0x000000070b0238a0) 
thrown [t:/workspace/open/src/hotspot/share/prims/nativeLookup.cpp, line 387]
Event: 3.209 Thread 0x0000025f7d256800 Exception <a 'java/lang/ExceptionInInitializerError'{0x000000070b024910}> (0x000000070b024910) 
thrown [t:/workspace/open/src/hotspot/share/oops/instanceKlass.cpp, line 1065]
Event: 3.233 Thread 0x0000025f7d256800 Exception <a 'java/lang/NoSuchMethodError'{0x000000070ad35658}: 'java.lang.Object java.lang.invoke.DirectMethodHandle$Holder.invokeStaticInit(java.lang.Object, int, int, int, int)'> (0x000000070ad35658) 
thrown [t:/workspace/open/src/hotspot/share/interpreter/linkResolver.cpp, line 767]
Event: 3.283 Thread 0x0000025f7d256800 Exception <a 'java/lang/NoSuchMethodError'{0x000000070adcd068}: 'java.lang.Object java.lang.invoke.DirectMethodHandle$Holder.invokeStaticInit(java.lang.Object, java.lang.Object, int, int, int, int)'> (0x000000070adcd068) 
thrown [t:/workspace/open/src/hotspot/share/interpreter/linkResolver.cpp, line 767]
Event: 3.307 Thread 0x0000025f7d256800 Exception <a 'java/lang/reflect/InvocationTargetException'{0x000000070aaf3378}> (0x000000070aaf3378) 
thrown [t:/workspace/open/src/hotspot/share/runtime/reflection.cpp, line 1188]
Event: 3.428 Thread 0x0000025f7d256800 Implicit null exception at 0x0000025f1008a16e to 0x0000025f1008b0c6
Event: 3.500 Thread 0x0000025f7d256800 Exception <a 'sun/nio/fs/WindowsException'{0x00000007094d6ae8}> (0x00000007094d6ae8) 
thrown [t:/workspace/open/src/hotspot/share/prims/jni.cpp, line 598]
Event: 3.509 Thread 0x0000025f7d256800 Exception <a 'java/lang/NoSuchMethodError'{0x0000000709323e08}: 'int java.lang.invoke.DirectMethodHandle$Holder.invokeStaticInit(java.lang.Object, java.lang.Object, java.lang.Object, java.lang.Object)'> (0x0000000709323e08) 
thrown [t:/workspace/open/src/hotspot/share/interpreter/linkResolver.cpp, line 767]
Event: 3.509 Thread 0x0000025f7d256800 Exception <a 'java/lang/IncompatibleClassChangeError'{0x000000070932c4d8}: Found class java.lang.Object, but interface was expected> (0x000000070932c4d8) 
thrown [t:/workspace/open/src/hotspot/share/interpreter/linkResolver.cpp, line 833]
Event: 3.510 Thread 0x0000025f7d256800 Exception <a 'java/lang/NoSuchMethodError'{0x000000070932f598}: 'void java.lang.invoke.DirectMethodHandle$Holder.invokeStaticInit(java.lang.Object, java.lang.Object)'> (0x000000070932f598) 
thrown [t:/workspace/open/src/hotspot/share/interpreter/linkResolver.cpp, line 767]
Event: 3.510 Thread 0x0000025f7d256800 Exception <a 'java/lang/NoSuchMethodError'{0x0000000709336320}: 'int java.lang.invoke.DirectMethodHandle$Holder.invokeStaticInit(java.lang.Object, java.lang.Object)'> (0x0000000709336320) 
thrown [t:/workspace/open/src/hotspot/share/interpreter/linkResolver.cpp, line 767]
Event: 3.628 Thread 0x0000025f7d256800 Exception <a 'java/lang/NoSuchMethodError'{0x0000000708a323f0}: 'java.lang.Object java.lang.invoke.Invokers$Holder.linkToTargetMethod(java.lang.Object, int, java.lang.Object)'> (0x0000000708a323f0) 
thrown [t:/workspace/open/src/hotspot/share/interpreter/linkResolver.cpp, line 767]

Events (20 events):
Event: 3.652 loading class io/grpc/internal/DnsNameResolver$ResourceResolver
Event: 3.652 loading class io/grpc/internal/DnsNameResolver$ResourceResolver done
Event: 3.652 loading class javax/naming/directory/InitialDirContext
Event: 3.652 loading class javax/naming/directory/DirContext
Event: 3.652 loading class javax/naming/Context
Event: 3.652 loading class javax/naming/Context done
Event: 3.652 loading class javax/naming/directory/DirContext done
Event: 3.652 loading class javax/naming/InitialContext
Event: 3.652 loading class javax/naming/InitialContext done
Event: 3.652 loading class javax/naming/directory/InitialDirContext done
Event: 3.653 loading class javax/naming/spi/InitialContextFactory
Event: 3.653 loading class javax/naming/spi/InitialContextFactory done
Event: 3.653 loading class java/io/UnsupportedEncodingException
Event: 3.653 loading class java/io/UnsupportedEncodingException done
Event: 3.653 loading class javax/naming/ConfigurationException
Event: 3.653 loading class javax/naming/NamingException
Event: 3.653 loading class javax/naming/NamingException done
Event: 3.653 loading class javax/naming/ConfigurationException done
Event: 3.653 loading class com/google/common/base/Stopwatch
Event: 3.653 loading class com/google/common/base/Stopwatch done


Dynamic libraries:
0x00007ff62c520000 - 0x00007ff62c52f000 	C:\Program Files\Java\jdk-13.0.2\bin\javaw.exe
0x00007ffe4fbc0000 - 0x00007ffe4fdb0000 	C:\Windows\SYSTEM32\ntdll.dll
0x00007ffe4f3d0000 - 0x00007ffe4f482000 	C:\Windows\System32\KERNEL32.DLL
0x00007ffe4d4a0000 - 0x00007ffe4d745000 	C:\Windows\System32\KERNELBASE.dll
0x00007ffe4d880000 - 0x00007ffe4d97a000 	C:\Windows\System32\ucrtbase.dll
0x00007ffe3a5e0000 - 0x00007ffe3a5f8000 	C:\Program Files\Java\jdk-13.0.2\bin\jli.dll
0x00007ffe357f0000 - 0x00007ffe35805000 	C:\Program Files\Java\jdk-13.0.2\bin\VCRUNTIME140.dll
0x00007ffe4e600000 - 0x00007ffe4e6a3000 	C:\Windows\System32\ADVAPI32.dll
0x00007ffe4f030000 - 0x00007ffe4f0ce000 	C:\Windows\System32\msvcrt.dll
0x00007ffe4f260000 - 0x00007ffe4f2f7000 	C:\Windows\System32\sechost.dll
0x00007ffe4e4e0000 - 0x00007ffe4e600000 	C:\Windows\System32\RPCRT4.dll
0x00007ffe4ec40000 - 0x00007ffe4edd5000 	C:\Windows\System32\USER32.dll
0x00007ffe2fca0000 - 0x00007ffe2ff24000 	C:\Windows\WinSxS\amd64_microsoft.windows.common-controls_6595b64144ccf1df_6.0.18362.1082_none_9e8193e1e45b25c1\COMCTL32.dll
0x00007ffe4d980000 - 0x00007ffe4d9a1000 	C:\Windows\System32\win32u.dll
0x00007ffe4ede0000 - 0x00007ffe4ee06000 	C:\Windows\System32\GDI32.dll
0x00007ffe4e820000 - 0x00007ffe4eb55000 	C:\Windows\System32\combase.dll
0x00007ffe4d9b0000 - 0x00007ffe4db46000 	C:\Windows\System32\gdi32full.dll
0x00007ffe4d800000 - 0x00007ffe4d880000 	C:\Windows\System32\bcryptPrimitives.dll
0x00007ffe4dbd0000 - 0x00007ffe4dc6e000 	C:\Windows\System32\msvcp_win.dll
0x00007ffe47600000 - 0x00007ffe4760a000 	C:\Windows\SYSTEM32\VERSION.dll
0x00007ffe4e4b0000 - 0x00007ffe4e4de000 	C:\Windows\System32\IMM32.DLL
0x00007ffe2e550000 - 0x00007ffe2e5eb000 	C:\Program Files\Java\jdk-13.0.2\bin\msvcp140.dll
0x00007ffdf72c0000 - 0x00007ffdf7e1d000 	C:\Program Files\Java\jdk-13.0.2\bin\server\jvm.dll
0x00007ffe4f1a0000 - 0x00007ffe4f1a8000 	C:\Windows\System32\PSAPI.DLL
0x00007ffe0d7c0000 - 0x00007ffe0d7c9000 	C:\Windows\SYSTEM32\WSOCK32.dll
0x00007ffe4a9c0000 - 0x00007ffe4a9e4000 	C:\Windows\SYSTEM32\WINMM.dll
0x00007ffe4ebd0000 - 0x00007ffe4ec3f000 	C:\Windows\System32\WS2_32.dll
0x00007ffe4a990000 - 0x00007ffe4a9bd000 	C:\Windows\SYSTEM32\winmmbase.dll
0x00007ffe4db80000 - 0x00007ffe4dbca000 	C:\Windows\System32\cfgmgr32.dll
0x00007ffe4cae0000 - 0x00007ffe4caf1000 	C:\Windows\System32\kernel.appcore.dll
0x00007ffe4ab50000 - 0x00007ffe4ab60000 	C:\Program Files\Java\jdk-13.0.2\bin\verify.dll
0x00007ffe42330000 - 0x00007ffe42524000 	C:\Windows\SYSTEM32\DBGHELP.DLL
0x00007ffe3a3e0000 - 0x00007ffe3a40a000 	C:\Windows\SYSTEM32\dbgcore.DLL
0x00007ffe40ec0000 - 0x00007ffe40ee6000 	C:\Program Files\Java\jdk-13.0.2\bin\java.dll
0x00007ffe32c40000 - 0x00007ffe32c78000 	C:\Program Files\Java\jdk-13.0.2\bin\jdwp.dll
0x00007ffe40dc0000 - 0x00007ffe40dce000 	C:\Program Files\Java\jdk-13.0.2\bin\instrument.dll
0x00007ffe49560000 - 0x00007ffe49577000 	C:\Program Files\Java\jdk-13.0.2\bin\zip.dll
0x00007ffe4ab40000 - 0x00007ffe4ab4a000 	C:\Program Files\Java\jdk-13.0.2\bin\jimage.dll
0x00007ffe4f490000 - 0x00007ffe4fb77000 	C:\Windows\System32\SHELL32.dll
0x00007ffe4f1b0000 - 0x00007ffe4f259000 	C:\Windows\System32\shcore.dll
0x00007ffe4cb50000 - 0x00007ffe4d2d0000 	C:\Windows\System32\windows.storage.dll
0x00007ffe4cb00000 - 0x00007ffe4cb23000 	C:\Windows\System32\profapi.dll
0x00007ffe4ca90000 - 0x00007ffe4cada000 	C:\Windows\System32\powrprof.dll
0x00007ffe4ca80000 - 0x00007ffe4ca90000 	C:\Windows\System32\UMPDC.dll
0x00007ffe4eb70000 - 0x00007ffe4ebc2000 	C:\Windows\System32\shlwapi.dll
0x00007ffe4d2d0000 - 0x00007ffe4d2e7000 	C:\Windows\System32\cryptsp.dll
0x00007ffe3cbd0000 - 0x00007ffe3cbdb000 	C:\Program Files\Java\jdk-13.0.2\bin\dt_socket.dll
0x00007ffe4c270000 - 0x00007ffe4c2d7000 	C:\Windows\system32\mswsock.dll
0x00007ffe4bfc0000 - 0x00007ffe4c08b000 	C:\Windows\SYSTEM32\DNSAPI.dll
0x00007ffe4ee10000 - 0x00007ffe4ee18000 	C:\Windows\System32\NSI.dll
0x00007ffe4bf80000 - 0x00007ffe4bfba000 	C:\Windows\SYSTEM32\IPHLPAPI.DLL
0x00007ffe40520000 - 0x00007ffe4052a000 	C:\Windows\System32\rasadhlp.dll
0x00007ffe41d90000 - 0x00007ffe41e07000 	C:\Windows\System32\fwpuclnt.dll
0x00007ffe4db50000 - 0x00007ffe4db76000 	C:\Windows\System32\bcrypt.dll
0x00007ffe40dd0000 - 0x00007ffe40de9000 	C:\Program Files\Java\jdk-13.0.2\bin\net.dll
0x00007ffe417f0000 - 0x00007ffe418e0000 	C:\Windows\SYSTEM32\WINHTTP.dll
0x00007ffe40960000 - 0x00007ffe40973000 	C:\Program Files\Java\jdk-13.0.2\bin\nio.dll
0x00007ffe40e80000 - 0x00007ffe40e89000 	C:\Program Files\Java\jdk-13.0.2\bin\management.dll
0x00007ffe40e20000 - 0x00007ffe40e2b000 	C:\Program Files\Java\jdk-13.0.2\bin\management_ext.dll
0x00007ffe4bde0000 - 0x00007ffe4be13000 	C:\Windows\system32\rsaenh.dll
0x00007ffe4c9a0000 - 0x00007ffe4c9c5000 	C:\Windows\SYSTEM32\USERENV.dll
0x00007ffe4c440000 - 0x00007ffe4c44c000 	C:\Windows\SYSTEM32\CRYPTBASE.dll
0x00007ffe420c0000 - 0x00007ffe420d6000 	C:\Windows\SYSTEM32\dhcpcsvc6.DLL
0x00007ffe42190000 - 0x00007ffe421ac000 	C:\Windows\SYSTEM32\dhcpcsvc.DLL
0x00007ffe1a9e0000 - 0x00007ffe1ac2f000 	C:\Users\mad\AppData\Local\Temp\io_grpc_netty_shaded_netty_tcnative_windows_x86_6414416668420831478741.dll
0x00007ffe40eb0000 - 0x00007ffe40ebe000 	C:\Program Files\Java\jdk-13.0.2\bin\sunmscapi.dll
0x00007ffe4d350000 - 0x00007ffe4d499000 	C:\Windows\System32\CRYPT32.dll
0x00007ffe4cb30000 - 0x00007ffe4cb42000 	C:\Windows\System32\MSASN1.dll
0x00007ffe4c5a0000 - 0x00007ffe4c5c6000 	C:\Windows\SYSTEM32\ncrypt.dll
0x00007ffe4c560000 - 0x00007ffe4c59b000 	C:\Windows\SYSTEM32\NTASN1.dll
0x00007ffe32ce0000 - 0x00007ffe32d05000 	C:\Program Files\Java\jdk-13.0.2\bin\sunec.dll

dbghelp: loaded successfully - version: 4.0.5 - missing functions: none
symbol engine: initialized successfully - sym options: 0x614 - pdb path: .;C:\Program Files\Java\jdk-13.0.2\bin;C:\Windows\SYSTEM32;C:\Windows\WinSxS\amd64_microsoft.windows.common-controls_6595b64144ccf1df_6.0.18362.1082_none_9e8193e1e45b25c1;C:\Program Files\Java\jdk-13.0.2\bin\server;C:\Users\mad\AppData\Local\Temp

VM Arguments:
jvm_args: -agentlib:jdwp=transport=dt_socket,suspend=y,address=localhost:56137 -Djava.util.logging.config.file=./resources/jdk-logger.properties -javaagent:C:\Users\mad\eclipse\java-2020-06\eclipse\configuration\org.eclipse.osgi\222\0\.cp\lib\javaagent-shaded.jar -Dfile.encoding=Cp1252 
java_command: v5test.V5Test
java_class_path (initial): C:\Users\mad\git\google-ads-v5-test\v5-test\target\classes;C:\Users\mad\.m2\repository\org\slf4j\slf4j-jdk14\1.7.25\slf4j-jdk14-1.7.25.jar;C:\Users\mad\.m2\repository\org\slf4j\slf4j-api\1.7.25\slf4j-api-1.7.25.jar;C:\Users\mad\.m2\repository\com\google\api-ads\google-ads\9.0.0\google-ads-9.0.0.jar;C:\Users\mad\.m2\repository\com\google\api\gax\1.57.1\gax-1.57.1.jar;C:\Users\mad\.m2\repository\com\google\guava\guava\28.2-android\guava-28.2-android.jar;C:\Users\mad\.m2\repository\com\google\guava\failureaccess\1.0.1\failureaccess-1.0.1.jar;C:\Users\mad\.m2\repository\com\google\guava\listenablefuture\9999.0-empty-to-avoid-conflict-with-guava\listenablefuture-9999.0-empty-to-avoid-conflict-with-guava.jar;C:\Users\mad\.m2\repository\org\checkerframework\checker-compat-qual\2.5.5\checker-compat-qual-2.5.5.jar;C:\Users\mad\.m2\repository\com\google\errorprone\error_prone_annotations\2.3.4\error_prone_annotations-2.3.4.jar;C:\Users\mad\.m2\repository\com\google\j2objc\j2objc-annotations\1.3\j2objc-annotations-1.3.jar;C:\Users\mad\.m2\repository\com\google\code\findbugs\jsr305\3.0.2\jsr305-3.0.2.jar;C:\Users\mad\.m2\repository\org\threeten\threetenbp\1.4.1\threetenbp-1.4.1.jar;C:\Users\mad\.m2\repository\com\google\auth\google-auth-library-oauth2-http\0.21.0\google-auth-library-oauth2-http-0.21.0.jar;C:\Users\mad\.m2\repository\com\google\auto\value\auto-value-annotations\1.7.2\auto-value-annotations-1.7.2.jar;C:\Users\mad\.m2\repository\com\google\http-client\google-http-client\1.35.0\google-http-client-1.35.0.jar;C:\Users\mad\.m2\repository\org\apache\httpcomponents\httpclient\4.5.12\httpclient-4.5.12.jar;C:\Users\mad\.m2\repository\commons-logging\commons-logging\1.2\commons-logging-1.2.jar;C:\Users\mad\.m2\repository\commons-codec\commons-codec\1.11\commons-codec-1.11.jar;C:\Users\mad\.m2\repository\org\apache\httpcomponents\httpcore\4.4.13\httpcore-4.4.13.jar;C:\Users\mad\.m2\repository\io\opencensus\opencensus-contrib-http-util\0.24.0\ope
Launcher Type: SUN_STANDARD

[Global flags]
     intx CICompilerCount                          = 3                                         {product} {ergonomic}
     uint ConcGCThreads                            = 2                                         {product} {ergonomic}
     uint G1ConcRefinementThreads                  = 6                                         {product} {ergonomic}
   size_t G1HeapRegionSize                         = 1048576                                   {product} {ergonomic}
    uintx GCDrainStackTargetSize                   = 64                                        {product} {ergonomic}
   size_t InitialHeapSize                          = 266338304                                 {product} {ergonomic}
   size_t MarkStackSize                            = 4194304                                   {product} {ergonomic}
   size_t MaxHeapSize                              = 4261412864                                {product} {ergonomic}
   size_t MaxNewSize                               = 2556428288                                {product} {ergonomic}
   size_t MinHeapDeltaBytes                        = 1048576                                   {product} {ergonomic}
   size_t MinHeapSize                              = 8388608                                   {product} {ergonomic}
    uintx NonNMethodCodeHeapSize                   = 5832780                                {pd product} {ergonomic}
    uintx NonProfiledCodeHeapSize                  = 122912730                              {pd product} {ergonomic}
    uintx ProfiledCodeHeapSize                     = 122912730                              {pd product} {ergonomic}
    uintx ReservedCodeCacheSize                    = 251658240                              {pd product} {ergonomic}
     bool SegmentedCodeCache                       = true                                      {product} {ergonomic}
   size_t SoftMaxHeapSize                          = 4261412864                             {manageable} {ergonomic}
     bool UseCompressedClassPointers               = true                                 {lp64_product} {ergonomic}
     bool UseCompressedOops                        = true                                 {lp64_product} {ergonomic}
     bool UseG1GC                                  = true                                      {product} {ergonomic}
     bool UseLargePagesIndividualAllocation        = false                                  {pd product} {ergonomic}

Logging:
Log output configuration:
 #0: stdout all=warning uptime,level,tags
 #1: stderr all=off uptime,level,tags

Environment Variables:
PATH=C:/Program Files/Java/jdk-13.0.2/bin/server;C:/Program Files/Java/jdk-13.0.2/bin;C:\Program Files (x86)\Common Files\Oracle\Java\javapath;C:\Windows\system32;C:\Windows;C:\Windows\System32\Wbem;C:\Windows\System32\WindowsPowerShell\v1.0\;C:\Windows\System32\OpenSSH\;C:\Program Files\nodejs\;C:\Program Files\Git\cmd;C:\Program Files (x86)\Windows Live\Shared;C:\Program Files\PuTTY\;C:\Program Files (x86)\Gpg4win\..\GnuPG\bin;C:\Users\mad\AppData\Local\Microsoft\WindowsApps;C:\Users\mad\AppData\Roaming\npm;C:\Program Files\heroku\bin;C:\Users\mad\AppData\Local\Keybase\;C:\Users\mad\eclipse\java-2020-06\eclipse;
USERNAME=mad
OS=Windows_NT
PROCESSOR_IDENTIFIER=Intel64 Family 6 Model 158 Stepping 10, GenuineIntel



---------------  S Y S T E M  ---------------

OS: Windows 10 , 64 bit Build 18362 (10.0.18362.1082)

CPU:total 6 (initial active 6) (6 cores per cpu, 1 threads per core) family 6 model 158 stepping 10, cmov, cx8, fxsr, mmx, sse, sse2, sse3, ssse3, sse4.1, sse4.2, popcnt, avx, avx2, aes, clmul, erms, 3dnowpref, lzcnt, tsc, tscinvbit, bmi1, bmi2, adx, fma

Memory: 4k page, system-wide physical 16251M (1956M free)
TotalPageFile size 16251M (AvailPageFile size 4M)
current process WorkingSet (physical memory assigned to process): 389M, peak: 389M
current process commit charge ("private bytes"): 478M, peak: 478M

vm_info: Java HotSpot(TM) 64-Bit Server VM (13.0.2+8) for windows-amd64 JRE (13.0.2+8), built on Dec 11 2019 09:20:33 by "mach5one" with unknown MS VC++:1916

END.
